mode: count
github.com/jordanlanch/ionix-test/usecase/refresh_token_usecase.go:16.117,21.2 1 7
github.com/jordanlanch/ionix-test/usecase/refresh_token_usecase.go:23.94,27.2 3 0
github.com/jordanlanch/ionix-test/usecase/refresh_token_usecase.go:29.103,33.2 3 2
github.com/jordanlanch/ionix-test/usecase/refresh_token_usecase.go:35.129,37.2 1 1
github.com/jordanlanch/ionix-test/usecase/refresh_token_usecase.go:39.131,41.2 1 2
github.com/jordanlanch/ionix-test/usecase/refresh_token_usecase.go:43.101,45.2 1 1
github.com/jordanlanch/ionix-test/usecase/signup_usecase.go:16.105,21.2 1 7
github.com/jordanlanch/ionix-test/usecase/signup_usecase.go:23.95,27.2 3 2
github.com/jordanlanch/ionix-test/usecase/signup_usecase.go:29.89,33.2 3 0
github.com/jordanlanch/ionix-test/usecase/signup_usecase.go:35.98,39.2 3 2
github.com/jordanlanch/ionix-test/usecase/signup_usecase.go:41.122,43.2 1 1
github.com/jordanlanch/ionix-test/usecase/signup_usecase.go:45.124,47.2 1 1
github.com/jordanlanch/ionix-test/usecase/vaccination_usecase.go:15.110,20.2 1 4
github.com/jordanlanch/ionix-test/usecase/vaccination_usecase.go:22.101,26.2 3 2
github.com/jordanlanch/ionix-test/usecase/vaccination_usecase.go:28.109,32.2 3 2
github.com/jordanlanch/ionix-test/usecase/vaccination_usecase.go:34.108,38.2 3 0
github.com/jordanlanch/ionix-test/usecase/vaccination_usecase.go:40.133,44.2 3 2
github.com/jordanlanch/ionix-test/usecase/vaccination_usecase.go:46.84,50.2 3 2
github.com/jordanlanch/ionix-test/usecase/drug_usecase.go:15.95,20.2 1 5
github.com/jordanlanch/ionix-test/usecase/drug_usecase.go:22.81,27.2 3 2
github.com/jordanlanch/ionix-test/usecase/drug_usecase.go:29.89,34.2 3 2
github.com/jordanlanch/ionix-test/usecase/drug_usecase.go:36.87,41.2 3 2
github.com/jordanlanch/ionix-test/usecase/drug_usecase.go:43.112,48.2 3 2
github.com/jordanlanch/ionix-test/usecase/drug_usecase.go:50.70,55.2 3 2
github.com/jordanlanch/ionix-test/usecase/login_usecase.go:16.103,21.2 1 5
github.com/jordanlanch/ionix-test/usecase/login_usecase.go:23.97,27.2 3 2
github.com/jordanlanch/ionix-test/usecase/login_usecase.go:29.121,31.2 1 1
github.com/jordanlanch/ionix-test/usecase/login_usecase.go:33.123,35.2 1 1
