mode: count
github.com/jordanlanch/ionix-test/repository/vaccination_repository.go:14.73,16.2 1 5
github.com/jordanlanch/ionix-test/repository/vaccination_repository.go:18.92,20.2 1 9
github.com/jordanlanch/ionix-test/repository/vaccination_repository.go:22.100,24.2 1 1
github.com/jordanlanch/ionix-test/repository/vaccination_repository.go:26.100,28.78 2 3
github.com/jordanlanch/ionix-test/repository/vaccination_repository.go:31.2,31.18 1 2
github.com/jordanlanch/ionix-test/repository/vaccination_repository.go:28.78,30.3 1 1
github.com/jordanlanch/ionix-test/repository/vaccination_repository.go:34.124,39.45 4 1
github.com/jordanlanch/ionix-test/repository/vaccination_repository.go:42.2,42.18 1 1
github.com/jordanlanch/ionix-test/repository/vaccination_repository.go:39.45,41.3 1 0
github.com/jordanlanch/ionix-test/repository/vaccination_repository.go:45.75,47.2 1 1
github.com/jordanlanch/ionix-test/repository/vaccination_repository.go:50.75,51.23 1 2
github.com/jordanlanch/ionix-test/repository/vaccination_repository.go:59.2,59.11 1 2
github.com/jordanlanch/ionix-test/repository/vaccination_repository.go:51.23,52.30 1 2
github.com/jordanlanch/ionix-test/repository/vaccination_repository.go:55.3,55.31 1 2
github.com/jordanlanch/ionix-test/repository/vaccination_repository.go:52.30,54.4 1 2
github.com/jordanlanch/ionix-test/repository/vaccination_repository.go:55.31,57.4 1 2
github.com/jordanlanch/ionix-test/repository/drug_repository.go:15.59,17.2 1 4
github.com/jordanlanch/ionix-test/repository/drug_repository.go:20.79,23.2 2 8
github.com/jordanlanch/ionix-test/repository/drug_repository.go:26.87,29.2 2 1
github.com/jordanlanch/ionix-test/repository/drug_repository.go:32.86,35.25 3 2
github.com/jordanlanch/ionix-test/repository/drug_repository.go:38.2,38.19 1 1
github.com/jordanlanch/ionix-test/repository/drug_repository.go:35.25,37.3 1 1
github.com/jordanlanch/ionix-test/repository/drug_repository.go:42.110,47.46 4 1
github.com/jordanlanch/ionix-test/repository/drug_repository.go:50.2,50.19 1 1
github.com/jordanlanch/ionix-test/repository/drug_repository.go:47.46,49.3 1 0
github.com/jordanlanch/ionix-test/repository/drug_repository.go:54.68,57.2 2 1
github.com/jordanlanch/ionix-test/repository/user_repository.go:14.59,16.2 1 4
github.com/jordanlanch/ionix-test/repository/user_repository.go:18.95,20.25 2 1
github.com/jordanlanch/ionix-test/repository/user_repository.go:23.2,23.18 1 1
github.com/jordanlanch/ionix-test/repository/user_repository.go:20.25,22.3 1 0
github.com/jordanlanch/ionix-test/repository/user_repository.go:26.86,29.25 3 2
github.com/jordanlanch/ionix-test/repository/user_repository.go:32.2,32.19 1 1
github.com/jordanlanch/ionix-test/repository/user_repository.go:29.25,31.3 1 1
github.com/jordanlanch/ionix-test/repository/user_repository.go:35.95,38.25 3 2
github.com/jordanlanch/ionix-test/repository/user_repository.go:41.2,41.19 1 1
github.com/jordanlanch/ionix-test/repository/user_repository.go:38.25,40.3 1 1
github.com/jordanlanch/ionix-test/repository/user_repository.go:44.95,46.25 2 1
github.com/jordanlanch/ionix-test/repository/user_repository.go:49.2,49.18 1 1
github.com/jordanlanch/ionix-test/repository/user_repository.go:46.25,48.3 1 0
